<?xml version="1.0" encoding="UTF-8"?>
<testsuites name="Integration-IA-Contact" time="257.255" tests="2" failures="0" errors="0">
   <testsuite name="Integration-IA-Contact" tests="2" failures="0" errors="0" time="257.255" timestamp="2020-05-20 12:45:23" hostname="nezha.e - DESKTOP-9BRT4J2" id="Test Suites/Integration-IA-Contact">
      <properties>
         <property name="deviceName" value=""/>
         <property name="devicePlatform" value=""/>
         <property name="logFolder" value="C:\\Users\\nezha.e\\Desktop\\Katalon\\Reports\\20200520_124521\\Integration-IA-Contact\\20200520_124521"/>
         <property name="logFiles" value="C:\\Users\\nezha.e\\Desktop\\Katalon\\Reports\\20200520_124521\\Integration-IA-Contact\\20200520_124521\\execution0.log"/>
         <property name="attachments" value=""/>
         <property name="hostName" value="nezha.e - DESKTOP-9BRT4J2"/>
         <property name="os" value="Windows 10 64bit"/>
         <property name="katalonVersion" value="7.4.0.1"/>
         <property name="browser" value="Chrome 81.0.4044.138"/>
         <property name="hostAddress" value="192.168.0.107"/>
         <property name="sessionId" value="105cfc25d806dd38ffe3344b4017d406"/>
         <property name="seleniumVersion" value="3.141.59"/>
         <property name="proxyInformation" value="ProxyInformation{proxyOption=NO_PROXY, proxyServerType=HTTP, password=, proxyServerAddress=, proxyServerPort=0, executionList=}"/>
         <property name="platform" value="Windows 10"/>
      </properties>
      <testcase name="Test Cases/Contact" time="212.588" classname="Test Cases/Contact" status="PASSED">
         <system-out><![CDATA[2020-05-20 12:45:23 - [TEST_CASE][PASSED] - Test Cases/Contact: Test Cases/Contact

2020-05-20 12:45:24 - [TEST_STEP][PASSED] - openBrowser(""): Browser is opened with url: ''

2020-05-20 12:45:24 - [MESSAGE][INFO] - Starting 'Chrome' driver

2020-05-20 12:45:24 - [MESSAGE][INFO] - Action delay is set to 2Â 000 milliseconds

2020-05-20 12:45:28 - [MESSAGE][PASSED] - Browser is opened with url: ''

2020-05-20 12:45:28 - [TEST_STEP][PASSED] - navigateToUrl(URL): Navigate to 'http://p13.demo.iadholding.com' successfully

2020-05-20 12:45:33 - [MESSAGE][PASSED] - Navigate to 'http://p13.demo.iadholding.com' successfully

2020-05-20 12:45:33 - [TEST_STEP][PASSED] - click(findTestObject("Object Repository/CreationContact/Page_Welcome page/button_Accder")): Object: 'Object Repository/CreationContact/Page_Welcome page/button_Accder' is clicked on

2020-05-20 12:45:54 - [MESSAGE][PASSED] - Object: 'Object Repository/CreationContact/Page_Welcome page/button_Accder' is clicked on

2020-05-20 12:45:54 - [TEST_STEP][PASSED] - setText(findTestObject("Object Repository/CreationContact/Page_IAD/input_Identifiant_username"), usernameConseiller): Text '293@iadfrance.fr' is set on object 'Object Repository/CreationContact/Page_IAD/input_Identifiant_username'

2020-05-20 12:45:58 - [MESSAGE][PASSED] - Text '293@iadfrance.fr' is set on object 'Object Repository/CreationContact/Page_IAD/input_Identifiant_username'

2020-05-20 12:45:58 - [TEST_STEP][PASSED] - setEncryptedText(findTestObject("Object Repository/CreationContact/Page_IAD/input_Mot de passe_password"), mp): Text ****** has been set on object 'Object Repository/CreationContact/Page_IAD/input_Mot de passe_password'

2020-05-20 12:46:03 - [MESSAGE][PASSED] - Text ****** has been set on object 'Object Repository/CreationContact/Page_IAD/input_Mot de passe_password'

2020-05-20 12:46:03 - [TEST_STEP][PASSED] - click(findTestObject("Object Repository/CreationContact/Page_IAD/input_Mot de passe_submit")): Object: 'Object Repository/CreationContact/Page_IAD/input_Mot de passe_submit' is clicked on

2020-05-20 12:46:28 - [MESSAGE][PASSED] - Object: 'Object Repository/CreationContact/Page_IAD/input_Mot de passe_submit' is clicked on

2020-05-20 12:46:28 - [TEST_STEP][PASSED] - click(findTestObject("Object Repository/CreationContact/Page_IAD/button_Dmarrer")): Object: 'Object Repository/CreationContact/Page_IAD/button_Dmarrer' is clicked on

2020-05-20 12:46:30 - [MESSAGE][PASSED] - Object: 'Object Repository/CreationContact/Page_IAD/button_Dmarrer' is clicked on

2020-05-20 12:46:30 - [TEST_STEP][PASSED] - click(findTestObject("Object Repository/CreationContact/Page_IAD/div_Quitter")): Object: 'Object Repository/CreationContact/Page_IAD/div_Quitter' is clicked on

2020-05-20 12:46:33 - [MESSAGE][PASSED] - Object: 'Object Repository/CreationContact/Page_IAD/div_Quitter' is clicked on

2020-05-20 12:46:33 - [TEST_STEP][PASSED] - click(findTestObject("Object Repository/CreationContact/Page_IAD/a_Production")): Object: 'Object Repository/CreationContact/Page_IAD/a_Production' is clicked on

2020-05-20 12:46:36 - [MESSAGE][PASSED] - Object: 'Object Repository/CreationContact/Page_IAD/a_Production' is clicked on

2020-05-20 12:46:36 - [TEST_STEP][PASSED] - click(findTestObject("Object Repository/CreationContact/Page_IAD/a_Myiad contacts")): Object: 'Object Repository/CreationContact/Page_IAD/a_Myiad contacts' is clicked on

2020-05-20 12:46:40 - [MESSAGE][PASSED] - Object: 'Object Repository/CreationContact/Page_IAD/a_Myiad contacts' is clicked on

2020-05-20 12:46:40 - [TEST_STEP][PASSED] - click(findTestObject("Object Repository/CreationContact/Page_IAD/button_Crer")): Object: 'Object Repository/CreationContact/Page_IAD/button_Crer' is clicked on

2020-05-20 12:46:47 - [MESSAGE][PASSED] - Object: 'Object Repository/CreationContact/Page_IAD/button_Crer' is clicked on

2020-05-20 12:46:47 - [TEST_STEP][PASSED] - click(findTestObject("Object Repository/CreationContact/Page_IAD/div_Nouveau contact_myiad-avatar")): Object: 'Object Repository/CreationContact/Page_IAD/div_Nouveau contact_myiad-avatar' is clicked on

2020-05-20 12:46:50 - [MESSAGE][PASSED] - Object: 'Object Repository/CreationContact/Page_IAD/div_Nouveau contact_myiad-avatar' is clicked on

2020-05-20 12:46:50 - [TEST_STEP][PASSED] - Seq5 = Math.random() * 9 - 6: null

2020-05-20 12:46:50 - [TEST_STEP][PASSED] - seq55 = Seq5 * 100: null

2020-05-20 12:46:50 - [TEST_STEP][PASSED] - jdcontact = seq55: null

2020-05-20 12:46:50 - [TEST_STEP][PASSED] - jdcont = $jdcontact: null

2020-05-20 12:46:50 - [TEST_STEP][PASSED] - firstname = "test" + jdcont: null

2020-05-20 12:46:50 - [TEST_STEP][PASSED] - println(firstname): null

2020-05-20 12:46:50 - [TEST_STEP][PASSED] - setText(findTestObject("Object Repository/CreationContact/Page_IAD/input_Prnom_firstName"), firstname): Text 'test47' is set on object 'Object Repository/CreationContact/Page_IAD/input_Prnom_firstName'

2020-05-20 12:46:55 - [MESSAGE][PASSED] - Text 'test47' is set on object 'Object Repository/CreationContact/Page_IAD/input_Prnom_firstName'

2020-05-20 12:46:55 - [TEST_STEP][PASSED] - lastname = "test1" + jdcont: null

2020-05-20 12:46:55 - [TEST_STEP][PASSED] - println(lastname): null

2020-05-20 12:46:55 - [TEST_STEP][PASSED] - setText(findTestObject("Object Repository/CreationContact/Page_IAD/input_Nom_lastName"), lastname): Text 'test147' is set on object 'Object Repository/CreationContact/Page_IAD/input_Nom_lastName'

2020-05-20 12:47:00 - [MESSAGE][PASSED] - Text 'test147' is set on object 'Object Repository/CreationContact/Page_IAD/input_Nom_lastName'

2020-05-20 12:47:00 - [TEST_STEP][PASSED] - usedname = "test3" + jdcont: null

2020-05-20 12:47:00 - [TEST_STEP][PASSED] - println(usedname): null

2020-05-20 12:47:00 - [TEST_STEP][PASSED] - setText(findTestObject("Object Repository/CreationContact/Page_IAD/input_concat(Nom d  usage)_usageName"), usedname): Text 'test347' is set on object 'Object Repository/CreationContact/Page_IAD/input_concat(Nom d  usage)_usageName'

2020-05-20 12:47:05 - [MESSAGE][PASSED] - Text 'test347' is set on object 'Object Repository/CreationContact/Page_IAD/input_concat(Nom d  usage)_usageName'

2020-05-20 12:47:05 - [TEST_STEP][PASSED] - jeunefille = "test4" + jdcont: null

2020-05-20 12:47:05 - [TEST_STEP][PASSED] - println(jeunefille): null

2020-05-20 12:47:05 - [TEST_STEP][PASSED] - setText(findTestObject("Object Repository/CreationContact/Page_IAD/input_Nom de jeune fille_birthName"), jeunefille): Text 'test447' is set on object 'Object Repository/CreationContact/Page_IAD/input_Nom de jeune fille_birthName'

2020-05-20 12:47:09 - [MESSAGE][PASSED] - Text 'test447' is set on object 'Object Repository/CreationContact/Page_IAD/input_Nom de jeune fille_birthName'

2020-05-20 12:47:09 - [TEST_STEP][PASSED] - click(findTestObject("Object Repository/CreationContact/Page_IAD/input_Date de naissance_birthDate")): Object: 'Object Repository/CreationContact/Page_IAD/input_Date de naissance_birthDate' is clicked on

2020-05-20 12:47:12 - [MESSAGE][PASSED] - Object: 'Object Repository/CreationContact/Page_IAD/input_Date de naissance_birthDate' is clicked on

2020-05-20 12:47:12 - [TEST_STEP][PASSED] - click(findTestObject("Object Repository/CreationContact/Page_IAD/span_13")): Object: 'Object Repository/CreationContact/Page_IAD/span_13' is clicked on

2020-05-20 12:47:15 - [MESSAGE][PASSED] - Object: 'Object Repository/CreationContact/Page_IAD/span_13' is clicked on

2020-05-20 12:47:15 - [TEST_STEP][PASSED] - datebirth = getAttribute(findTestObject("CreationContact/Page_IAD/input_Date de naissance_birthDate"), "value"): Attribute 'value' of object 'Object Repository/CreationContact/Page_IAD/input_Date de naissance_birthDate' is: '13/05/2020'

2020-05-20 12:47:15 - [MESSAGE][PASSED] - Attribute 'value' of object 'Object Repository/CreationContact/Page_IAD/input_Date de naissance_birthDate' is: '13/05/2020'

2020-05-20 12:47:15 - [TEST_STEP][PASSED] - DateNaissance = datebirth: null

2020-05-20 12:47:15 - [TEST_STEP][PASSED] - println(DateNaissance): null

2020-05-20 12:47:15 - [TEST_STEP][PASSED] - click(findTestObject("Object Repository/CreationContact/Page_IAD/span_Lieu de naissance_btn btn-default form_bf2c5d")): Object: 'Object Repository/CreationContact/Page_IAD/span_Lieu de naissance_btn btn-default form_bf2c5d' is clicked on

2020-05-20 12:47:18 - [MESSAGE][PASSED] - Object: 'Object Repository/CreationContact/Page_IAD/span_Lieu de naissance_btn btn-default form_bf2c5d' is clicked on

2020-05-20 12:47:18 - [TEST_STEP][PASSED] - click(findTestObject("Object Repository/CreationContact/Page_IAD/span_02")): Object: 'Object Repository/CreationContact/Page_IAD/span_02' is clicked on

2020-05-20 12:47:21 - [MESSAGE][PASSED] - Object: 'Object Repository/CreationContact/Page_IAD/span_02' is clicked on

2020-05-20 12:47:21 - [TEST_STEP][PASSED] - lieuBirth = "test5" + jdcont: null

2020-05-20 12:47:21 - [TEST_STEP][PASSED] - println(lieuBirth): null

2020-05-20 12:47:21 - [TEST_STEP][PASSED] - setText(findTestObject("Object Repository/CreationContact/Page_IAD/input_Lieu de naissance_birthPlace"), lieuBirth): Text 'test547' is set on object 'Object Repository/CreationContact/Page_IAD/input_Lieu de naissance_birthPlace'

2020-05-20 12:47:26 - [MESSAGE][PASSED] - Text 'test547' is set on object 'Object Repository/CreationContact/Page_IAD/input_Lieu de naissance_birthPlace'

2020-05-20 12:47:26 - [TEST_STEP][PASSED] - click(findTestObject("Object Repository/CreationContact/Page_IAD/span_Choisir")): Object: 'Object Repository/CreationContact/Page_IAD/span_Choisir' is clicked on

2020-05-20 12:47:29 - [MESSAGE][PASSED] - Object: 'Object Repository/CreationContact/Page_IAD/span_Choisir' is clicked on

2020-05-20 12:47:29 - [TEST_STEP][PASSED] - setText(findTestObject("Object Repository/CreationContact/Page_IAD/input_Choisir_form-control ui-select-search_780576"), "France"): Text 'France' is set on object 'Object Repository/CreationContact/Page_IAD/input_Choisir_form-control ui-select-search_780576'

2020-05-20 12:47:35 - [MESSAGE][PASSED] - Text 'France' is set on object 'Object Repository/CreationContact/Page_IAD/input_Choisir_form-control ui-select-search_780576'

2020-05-20 12:47:35 - [TEST_STEP][PASSED] - pays1 = getText(findTestObject("CreationContact/Page_IAD/span_FRANCE")): Text of object 'Object Repository/CreationContact/Page_IAD/span_FRANCE' is: 'FRANCE'

2020-05-20 12:47:36 - [MESSAGE][PASSED] - Text of object 'Object Repository/CreationContact/Page_IAD/span_FRANCE' is: 'FRANCE'

2020-05-20 12:47:36 - [TEST_STEP][PASSED] - click(findTestObject("CreationContact/Page_IAD/span_FRANCE")): Object: 'Object Repository/CreationContact/Page_IAD/span_FRANCE' is clicked on

2020-05-20 12:47:38 - [MESSAGE][PASSED] - Object: 'Object Repository/CreationContact/Page_IAD/span_FRANCE' is clicked on

2020-05-20 12:47:38 - [TEST_STEP][PASSED] - pays = pays1: null

2020-05-20 12:47:38 - [TEST_STEP][PASSED] - println(pays): null

2020-05-20 12:47:38 - [TEST_STEP][PASSED] - profession = "test8" + jdcont: null

2020-05-20 12:47:38 - [TEST_STEP][PASSED] - setText(findTestObject("Object Repository/CreationContact/Page_IAD/input_Profession_job"), profession): Text 'test847' is set on object 'Object Repository/CreationContact/Page_IAD/input_Profession_job'

2020-05-20 12:47:43 - [MESSAGE][PASSED] - Text 'test847' is set on object 'Object Repository/CreationContact/Page_IAD/input_Profession_job'

2020-05-20 12:47:43 - [TEST_STEP][PASSED] - click(findTestObject("Object Repository/CreationContact/Page_IAD/span_Contact  Adresse")): Object: 'Object Repository/CreationContact/Page_IAD/span_Contact  Adresse' is clicked on

2020-05-20 12:47:45 - [MESSAGE][PASSED] - Object: 'Object Repository/CreationContact/Page_IAD/span_Contact  Adresse' is clicked on

2020-05-20 12:47:45 - [TEST_STEP][PASSED] - Seqphone = Math.random() * 9 - 6: null

2020-05-20 12:47:45 - [TEST_STEP][PASSED] - ifseq = Seqphone: null

2020-05-20 12:47:45 - [TEST_STEP][PASSED] - if (ifseq == 0): null

2020-05-20 12:47:45 - [TEST_STEP][PASSED] - else: null

2020-05-20 12:47:45 - [TEST_STEP][PASSED] - phoneseq1 = Seqphone * 10000000: null

2020-05-20 12:47:45 - [TEST_STEP][PASSED] - phone = phoneseq1: null

2020-05-20 12:47:45 - [TEST_STEP][PASSED] - println(phone): null

2020-05-20 12:47:45 - [TEST_STEP][PASSED] - phone1 = "06" + phone: null

2020-05-20 12:47:45 - [TEST_STEP][PASSED] - println(phone1): null

2020-05-20 12:47:45 - [TEST_STEP][PASSED] - setText(findTestObject("Object Repository/CreationContact/Page_IAD/input_Tlphone_phone2"), phone1): Text '0612828377' is set on object 'Object Repository/CreationContact/Page_IAD/input_Tlphone_phone2'

2020-05-20 12:47:51 - [MESSAGE][PASSED] - Text '0612828377' is set on object 'Object Repository/CreationContact/Page_IAD/input_Tlphone_phone2'

2020-05-20 12:47:51 - [TEST_STEP][PASSED] - click(findTestObject("Object Repository/CreationContact/Page_IAD/span_Ajouter un tlphone_fa fa-plus")): Object: 'Object Repository/CreationContact/Page_IAD/span_Ajouter un tlphone_fa fa-plus' is clicked on

2020-05-20 12:47:53 - [MESSAGE][PASSED] - Object: 'Object Repository/CreationContact/Page_IAD/span_Ajouter un tlphone_fa fa-plus' is clicked on

2020-05-20 12:47:53 - [TEST_STEP][PASSED] - phone2 = "01" + phone: null

2020-05-20 12:47:53 - [TEST_STEP][PASSED] - println(phone2): null

2020-05-20 12:47:53 - [TEST_STEP][PASSED] - setText(findTestObject("Object Repository/CreationContact/Page_IAD/input_Tlphone_phone4"), phone2): Text '0112828377' is set on object 'Object Repository/CreationContact/Page_IAD/input_Tlphone_phone4'

2020-05-20 12:47:58 - [MESSAGE][PASSED] - Text '0112828377' is set on object 'Object Repository/CreationContact/Page_IAD/input_Tlphone_phone4'

2020-05-20 12:47:58 - [TEST_STEP][PASSED] - email1 = "test6." + phone + "@gmail.com": null

2020-05-20 12:47:58 - [TEST_STEP][PASSED] - println(email1): null

2020-05-20 12:47:58 - [TEST_STEP][PASSED] - setText(findTestObject("Object Repository/CreationContact/Page_IAD/input_E-mail personnel_emailPersonal-3"), email1): Text 'test6.12828377@gmail.com' is set on object 'Object Repository/CreationContact/Page_IAD/input_E-mail personnel_emailPersonal-3'

2020-05-20 12:48:04 - [MESSAGE][PASSED] - Text 'test6.12828377@gmail.com' is set on object 'Object Repository/CreationContact/Page_IAD/input_E-mail personnel_emailPersonal-3'

2020-05-20 12:48:04 - [TEST_STEP][PASSED] - click(findTestObject("CreationContact/Page_IAD/button_Ajouter un email_btn btn-primary btn-add")): Object: 'Object Repository/CreationContact/Page_IAD/button_Ajouter un email_btn btn-primary btn-add' is clicked on

2020-05-20 12:48:06 - [MESSAGE][PASSED] - Object: 'Object Repository/CreationContact/Page_IAD/button_Ajouter un email_btn btn-primary btn-add' is clicked on

2020-05-20 12:48:06 - [TEST_STEP][PASSED] - email2 = "test7." + phone + "@gmail.com": null

2020-05-20 12:48:06 - [TEST_STEP][PASSED] - println(email2): null

2020-05-20 12:48:06 - [TEST_STEP][PASSED] - setText(findTestObject("Object Repository/CreationContact/Page_IAD/input_E-mail personnel_emailPersonal-5"), email2): Text 'test7.12828377@gmail.com' is set on object 'Object Repository/CreationContact/Page_IAD/input_E-mail personnel_emailPersonal-5'

2020-05-20 12:48:12 - [MESSAGE][PASSED] - Text 'test7.12828377@gmail.com' is set on object 'Object Repository/CreationContact/Page_IAD/input_E-mail personnel_emailPersonal-5'

2020-05-20 12:48:12 - [TEST_STEP][PASSED] - click(findTestObject("CreationContact/Page_Welcome page/Page_IAD/span_FRANCE")): Object: 'Object Repository/CreationContact/Page_Welcome page/Page_IAD/span_FRANCE' is clicked on

2020-05-20 12:48:14 - [MESSAGE][PASSED] - Object: 'Object Repository/CreationContact/Page_Welcome page/Page_IAD/span_FRANCE' is clicked on

2020-05-20 12:48:14 - [TEST_STEP][PASSED] - setText(findTestObject("CreationContact/Page_IAD/input_FRANCE_form-control ui-select-search _8034ae"), "France"): Text 'France' is set on object 'Object Repository/CreationContact/Page_IAD/input_FRANCE_form-control ui-select-search _8034ae'

2020-05-20 12:48:20 - [MESSAGE][PASSED] - Text 'France' is set on object 'Object Repository/CreationContact/Page_IAD/input_FRANCE_form-control ui-select-search _8034ae'

2020-05-20 12:48:20 - [TEST_STEP][PASSED] - delay(1): Delayed 1 second(s)

2020-05-20 12:48:21 - [MESSAGE][PASSED] - Delayed 1 second(s)

2020-05-20 12:48:21 - [TEST_STEP][PASSED] - sendKeys(findTestObject("CreationContact/Page_IAD/input_FRANCE_form-control ui-select-search _8034ae"), Keys.chord(ARROW_DOWN)): Keys 'DOWN + ' sent to object: 'Object Repository/CreationContact/Page_IAD/input_FRANCE_form-control ui-select-search _8034ae'

2020-05-20 12:48:23 - [MESSAGE][PASSED] - Keys 'DOWN + ' sent to object: 'Object Repository/CreationContact/Page_IAD/input_FRANCE_form-control ui-select-search _8034ae'

2020-05-20 12:48:23 - [TEST_STEP][PASSED] - sendKeys(findTestObject("CreationContact/Page_IAD/input_FRANCE_form-control ui-select-search _8034ae"), Keys.chord(INSERT)): Keys 'INSERT + ' sent to object: 'Object Repository/CreationContact/Page_IAD/input_FRANCE_form-control ui-select-search _8034ae'

2020-05-20 12:48:26 - [MESSAGE][PASSED] - Keys 'INSERT + ' sent to object: 'Object Repository/CreationContact/Page_IAD/input_FRANCE_form-control ui-select-search _8034ae'

2020-05-20 12:48:26 - [TEST_STEP][PASSED] - delay(4): Delayed 4 second(s)

2020-05-20 12:48:30 - [MESSAGE][PASSED] - Delayed 4 second(s)

2020-05-20 12:48:30 - [TEST_STEP][PASSED] - setText(findTestObject("Object Repository/CreationContact/Page_IAD/input_Adresse_address1"), "a"): Text 'a' is set on object 'Object Repository/CreationContact/Page_IAD/input_Adresse_address1'

2020-05-20 12:48:34 - [MESSAGE][PASSED] - Text 'a' is set on object 'Object Repository/CreationContact/Page_IAD/input_Adresse_address1'

2020-05-20 12:48:34 - [TEST_STEP][PASSED] - delay(1): Delayed 1 second(s)

2020-05-20 12:48:35 - [MESSAGE][PASSED] - Delayed 1 second(s)

2020-05-20 12:48:35 - [TEST_STEP][PASSED] - sendKeys(findTestObject("CreationContact/Page_IAD/input_Adresse_address1"), Keys.chord(ARROW_DOWN)): Keys 'DOWN + ' sent to object: 'Object Repository/CreationContact/Page_IAD/input_Adresse_address1'

2020-05-20 12:48:38 - [MESSAGE][PASSED] - Keys 'DOWN + ' sent to object: 'Object Repository/CreationContact/Page_IAD/input_Adresse_address1'

2020-05-20 12:48:38 - [TEST_STEP][PASSED] - sendKeys(findTestObject("CreationContact/Page_IAD/input_Adresse_address1"), Keys.chord(INSERT)): Keys 'INSERT + ' sent to object: 'Object Repository/CreationContact/Page_IAD/input_Adresse_address1'

2020-05-20 12:48:40 - [MESSAGE][PASSED] - Keys 'INSERT + ' sent to object: 'Object Repository/CreationContact/Page_IAD/input_Adresse_address1'

2020-05-20 12:48:40 - [TEST_STEP][PASSED] - delay(5): Delayed 5 second(s)

2020-05-20 12:48:45 - [MESSAGE][PASSED] - Delayed 5 second(s)

2020-05-20 12:48:45 - [TEST_STEP][PASSED] - adressContac = getAttribute(findTestObject("Object Repository/CreationContact/Page_IAD/input_Adresse_address1"), "value"): Attribute 'value' of object 'Object Repository/CreationContact/Page_IAD/input_Adresse_address1' is: 'Angers, France'

2020-05-20 12:48:45 - [MESSAGE][PASSED] - Attribute 'value' of object 'Object Repository/CreationContact/Page_IAD/input_Adresse_address1' is: 'Angers, France'

2020-05-20 12:48:45 - [TEST_STEP][PASSED] - adressContact = adressContac: null

2020-05-20 12:48:45 - [TEST_STEP][PASSED] - println(adressContact): null

2020-05-20 12:48:45 - [TEST_STEP][PASSED] - click(findTestObject("CreationContact/Page_IAD/span_Enregistrer le contact")): Object: 'Object Repository/CreationContact/Page_IAD/span_Enregistrer le contact' is clicked on

2020-05-20 12:48:48 - [MESSAGE][PASSED] - Object: 'Object Repository/CreationContact/Page_IAD/span_Enregistrer le contact' is clicked on

2020-05-20 12:48:48 - [TEST_STEP][PASSED] - delay(8): Delayed 8 second(s)

2020-05-20 12:48:56 - [MESSAGE][PASSED] - Delayed 8 second(s)]]></system-out>
         <system-err><![CDATA[]]></system-err>
      </testcase>
      <testcase name="Test Cases/Projet" time="43.532" classname="Test Cases/Projet" status="PASSED">
         <system-out><![CDATA[2020-05-20 12:48:56 - [TEST_CASE][PASSED] - Test Cases/Projet: Test Cases/Projet

2020-05-20 12:48:56 - [TEST_STEP][PASSED] - click(findTestObject("CreationContact/Page_IAD/a_Myiad acqureurs")): Object: 'Object Repository/CreationContact/Page_IAD/a_Myiad acqureurs' is clicked on

2020-05-20 12:48:58 - [MESSAGE][PASSED] - Object: 'Object Repository/CreationContact/Page_IAD/a_Myiad acqureurs' is clicked on

2020-05-20 12:48:58 - [TEST_STEP][PASSED] - delay(3): Delayed 3 second(s)

2020-05-20 12:49:01 - [MESSAGE][PASSED] - Delayed 3 second(s)

2020-05-20 12:49:01 - [TEST_STEP][PASSED] - click(findTestObject("Creation_projet/Page_IAD (1)/span_Crer")): Object: 'Object Repository/Creation_projet/Page_IAD (1)/span_Crer' is clicked on

2020-05-20 12:49:04 - [MESSAGE][PASSED] - Object: 'Object Repository/Creation_projet/Page_IAD (1)/span_Crer' is clicked on

2020-05-20 12:49:04 - [TEST_STEP][PASSED] - click(findTestObject("Creation_projet/Page_IAD (1)/button_Achat")): Object: 'Object Repository/Creation_projet/Page_IAD (1)/button_Achat' is clicked on

2020-05-20 12:49:07 - [MESSAGE][PASSED] - Object: 'Object Repository/Creation_projet/Page_IAD (1)/button_Achat' is clicked on

2020-05-20 12:49:07 - [TEST_STEP][PASSED] - click(findTestObject("Creation_projet/Page_IAD (1)/button_Habitation")): Object: 'Object Repository/Creation_projet/Page_IAD (1)/button_Habitation' is clicked on

2020-05-20 12:49:10 - [MESSAGE][PASSED] - Object: 'Object Repository/Creation_projet/Page_IAD (1)/button_Habitation' is clicked on

2020-05-20 12:49:10 - [TEST_STEP][PASSED] - click(findTestObject("Creation_projet/Page_IAD (1)/button_Traditionnel")): Object: 'Object Repository/Creation_projet/Page_IAD (1)/button_Traditionnel' is clicked on

2020-05-20 12:49:12 - [MESSAGE][PASSED] - Object: 'Object Repository/Creation_projet/Page_IAD (1)/button_Traditionnel' is clicked on

2020-05-20 12:49:12 - [TEST_STEP][PASSED] - click(findTestObject("Creation_projet/Page_IAD (1)/button_Maison")): Object: 'Object Repository/Creation_projet/Page_IAD (1)/button_Maison' is clicked on

2020-05-20 12:49:15 - [MESSAGE][PASSED] - Object: 'Object Repository/Creation_projet/Page_IAD (1)/button_Maison' is clicked on

2020-05-20 12:49:15 - [TEST_STEP][PASSED] - setText(findTestObject("Creation_projet/Page_Welcome page/Page_IAD/input_Lier  un contact_search"), firstname): Text 'test47' is set on object 'Object Repository/Creation_projet/Page_Welcome page/Page_IAD/input_Lier  un contact_search'

2020-05-20 12:49:20 - [MESSAGE][PASSED] - Text 'test47' is set on object 'Object Repository/Creation_projet/Page_Welcome page/Page_IAD/input_Lier  un contact_search'

2020-05-20 12:49:20 - [TEST_STEP][PASSED] - delay(2): Delayed 2 second(s)

2020-05-20 12:49:22 - [MESSAGE][PASSED] - Delayed 2 second(s)

2020-05-20 12:49:22 - [TEST_STEP][PASSED] - click(findTestObject("Creation_projet/Page_Welcome page/Page_IAD/a_Chabanne AFGOUN DAMMARIE-LES-LYS")): Object: 'Object Repository/Creation_projet/Page_Welcome page/Page_IAD/a_Chabanne AFGOUN DAMMARIE-LES-LYS' is clicked on

2020-05-20 12:49:25 - [MESSAGE][PASSED] - Object: 'Object Repository/Creation_projet/Page_Welcome page/Page_IAD/a_Chabanne AFGOUN DAMMARIE-LES-LYS' is clicked on

2020-05-20 12:49:25 - [TEST_STEP][PASSED] - delay(6): Delayed 6 second(s)

2020-05-20 12:49:31 - [MESSAGE][PASSED] - Delayed 6 second(s)

2020-05-20 12:49:31 - [TEST_STEP][PASSED] - click(findTestObject("Creation_projet/Page_IAD (1)/span_tape suivante")): Object: 'Object Repository/Creation_projet/Page_IAD (1)/span_tape suivante' is clicked on

2020-05-20 12:49:33 - [MESSAGE][PASSED] - Object: 'Object Repository/Creation_projet/Page_IAD (1)/span_tape suivante' is clicked on

2020-05-20 12:49:33 - [TEST_STEP][PASSED] - click(findTestObject("Creation_projet/Page_IAD (1)/button_Enregistrer et quitter")): Object: 'Object Repository/Creation_projet/Page_IAD (1)/button_Enregistrer et quitter' is clicked on

2020-05-20 12:49:36 - [MESSAGE][PASSED] - Object: 'Object Repository/Creation_projet/Page_IAD (1)/button_Enregistrer et quitter' is clicked on

2020-05-20 12:49:36 - [TEST_STEP][PASSED] - verifyElementPresent(findTestObject("Creation_projet/Page_IAD/div_Projet cr avec succs"), 0): Object 'Object Repository/Creation_projet/Page_IAD/div_Projet cr avec succs' is present

2020-05-20 12:49:36 - [MESSAGE][WARNING] - Timeout '0' is invalid. Using default page load timeout: '30'

2020-05-20 12:49:39 - [MESSAGE][PASSED] - Object 'Object Repository/Creation_projet/Page_IAD/div_Projet cr avec succs' is present]]></system-out>
         <system-err><![CDATA[]]></system-err>
      </testcase>
      <system-out><![CDATA[2020-05-20 12:45:23 - [TEST_SUITE][PASSED] - Integration-IA-Contact: Test Cases/Projet]]></system-out>
      <system-err><![CDATA[]]></system-err>
   </testsuite>
</testsuites>
